<?xml version="1.0" encoding="UTF-8"?>
<testng-results ignored="0" total="4" passed="4" failed="0" skipped="0">
  <reporter-output>
  </reporter-output>
  <suite started-at="2024-08-09T13:37:42 IST" name="PetSuite" finished-at="2024-08-09T13:38:02 IST" duration-ms="19913">
    <groups>
    </groups>
    <test started-at="2024-08-09T13:37:42 IST" name="Test" finished-at="2024-08-09T13:38:02 IST" duration-ms="19913">
      <class name="api.test.UserTest">
        <test-method is-config="true" signature="setupData()[pri:0, instance:api.test.UserTest@158a8276]" started-at="2024-08-09T13:37:43 IST" name="setupData" finished-at="2024-08-09T13:37:44 IST" duration-ms="938" status="PASS">
          <reporter-output>
          </reporter-output>
        </test-method> <!-- setupData -->
        <test-method signature="testPostuser()[pri:1, instance:api.test.UserTest@158a8276]" started-at="2024-08-09T13:37:44 IST" name="testPostuser" finished-at="2024-08-09T13:37:49 IST" duration-ms="5412" status="PASS">
          <reporter-output>
          </reporter-output>
        </test-method> <!-- testPostuser -->
        <test-method signature="testReadUser()[pri:2, instance:api.test.UserTest@158a8276]" started-at="2024-08-09T13:37:49 IST" name="testReadUser" finished-at="2024-08-09T13:37:52 IST" duration-ms="3290" status="PASS">
          <reporter-output>
          </reporter-output>
        </test-method> <!-- testReadUser -->
        <test-method signature="testUpdateUser()[pri:3, instance:api.test.UserTest@158a8276]" started-at="2024-08-09T13:37:52 IST" name="testUpdateUser" finished-at="2024-08-09T13:37:59 IST" duration-ms="6765" status="PASS">
          <reporter-output>
          </reporter-output>
        </test-method> <!-- testUpdateUser -->
        <test-method signature="testDeleteUser()[pri:4, instance:api.test.UserTest@158a8276]" started-at="2024-08-09T13:37:59 IST" name="testDeleteUser" finished-at="2024-08-09T13:38:02 IST" duration-ms="3216" status="PASS">
          <reporter-output>
          </reporter-output>
        </test-method> <!-- testDeleteUser -->
      </class> <!-- api.test.UserTest -->
    </test> <!-- Test -->
  </suite> <!-- PetSuite -->
</testng-results>
