<?xml version="1.0" encoding="UTF-8"?>
<!-- Generated by org.testng.reporters.JUnitXMLReporter -->
<testsuite ignored="0" hostname="LAPTOP-DQHTQP3P" failures="0" tests="4" name="Test" time="19.913" errors="0" timestamp="2024-08-09T13:38:03 IST">
  <testcase classname="api.test.UserTest" name="testPostuser" time="5.412"/>
  <testcase classname="api.test.UserTest" name="testReadUser" time="3.29"/>
  <testcase classname="api.test.UserTest" name="testUpdateUser" time="6.765"/>
  <testcase classname="api.test.UserTest" name="testDeleteUser" time="3.216"/>
</testsuite> <!-- Test -->
